[2015-03-19 00:53:12,364][INFO ][cluster.metadata         ] [Star-Lord] [wat] deleting index
[2015-03-19 01:01:08,661][INFO ][cluster.metadata         ] [Star-Lord] [wat] creating index, cause [api], shards [1]/[1], mappings [users, threads, posts]
[2015-03-19 01:01:19,554][INFO ][cluster.metadata         ] [Star-Lord] [wat] deleting index
[2015-03-19 01:04:26,483][INFO ][cluster.metadata         ] [Star-Lord] [wat] creating index, cause [api], shards [5]/[1], mappings [posts]
[2015-03-19 01:04:32,891][INFO ][cluster.metadata         ] [Star-Lord] [.marvel-2015.03.19] update_mapping [index_event] (dynamic)
[2015-03-19 01:04:38,905][INFO ][cluster.metadata         ] [Star-Lord] [wat] deleting index
[2015-03-19 01:04:45,645][INFO ][cluster.metadata         ] [Star-Lord] [wat] creating index, cause [api], shards [5]/[1], mappings [posts]
[2015-03-19 01:08:50,010][INFO ][cluster.metadata         ] [Star-Lord] [wat] deleting index
[2015-03-19 01:08:52,903][INFO ][cluster.metadata         ] [Star-Lord] [wat] creating index, cause [api], shards [5]/[1], mappings [users, threads, posts]
[2015-03-19 01:12:51,797][INFO ][cluster.metadata         ] [Star-Lord] [wat] deleting index
[2015-03-19 01:12:54,293][INFO ][cluster.metadata         ] [Star-Lord] [wat] creating index, cause [api], shards [5]/[1], mappings [users, threads, posts]
[2015-03-19 01:13:20,088][INFO ][cluster.metadata         ] [Star-Lord] [wat] deleting index
[2015-03-19 01:13:21,956][INFO ][cluster.metadata         ] [Star-Lord] [wat] creating index, cause [api], shards [5]/[1], mappings [users, threads, posts]
[2015-03-19 01:13:44,736][INFO ][cluster.metadata         ] [Star-Lord] [wat] deleting index
[2015-03-19 01:13:46,282][INFO ][cluster.metadata         ] [Star-Lord] [wat] creating index, cause [api], shards [5]/[1], mappings [users, threads, posts]
[2015-03-19 01:14:24,511][INFO ][cluster.metadata         ] [Star-Lord] [wat] update_mapping [threads] (dynamic)
[2015-03-19 01:14:24,536][INFO ][cluster.metadata         ] [Star-Lord] [wat] update_mapping [posts] (dynamic)
[2015-03-19 01:14:24,591][INFO ][cluster.metadata         ] [Star-Lord] [wat] update_mapping [users] (dynamic)
[2015-03-19 01:15:38,698][INFO ][node                     ] [Star-Lord] stopping ...
[2015-03-19 01:15:38,795][INFO ][node                     ] [Star-Lord] stopped
[2015-03-19 01:15:38,795][INFO ][node                     ] [Star-Lord] closing ...
[2015-03-19 01:15:38,817][INFO ][node                     ] [Star-Lord] closed
[2015-03-19 01:49:13,431][INFO ][node                     ] [Jarella] version[1.4.4], pid[16675], build[c88f77f/2015-02-19T13:05:36Z]
[2015-03-19 01:49:13,432][INFO ][node                     ] [Jarella] initializing ...
[2015-03-19 01:49:13,460][INFO ][plugins                  ] [Jarella] loaded [marvel], sites [marvel]
[2015-03-19 01:49:16,807][INFO ][node                     ] [Jarella] initialized
[2015-03-19 01:49:16,807][INFO ][node                     ] [Jarella] starting ...
[2015-03-19 01:49:16,889][INFO ][transport                ] [Jarella] bound_address {inet[/0:0:0:0:0:0:0:0:9300]}, publish_address {inet[/192.168.1.108:9300]}
[2015-03-19 01:49:16,927][INFO ][discovery                ] [Jarella] wat/1jurbNMLQgyPaO_mHHJsSg
[2015-03-19 01:49:20,702][INFO ][cluster.service          ] [Jarella] new_master [Jarella][1jurbNMLQgyPaO_mHHJsSg][TRoy888.local][inet[/192.168.1.108:9300]], reason: zen-disco-join (elected_as_master)
[2015-03-19 01:49:20,770][INFO ][http                     ] [Jarella] bound_address {inet[/0:0:0:0:0:0:0:0:9200]}, publish_address {inet[/192.168.1.108:9200]}
[2015-03-19 01:49:20,770][INFO ][node                     ] [Jarella] started
[2015-03-19 01:49:21,632][INFO ][gateway                  ] [Jarella] recovered [16] indices into cluster_state
[2015-03-19 01:49:28,872][INFO ][cluster.metadata         ] [Jarella] [.marvel-2015.03.19] update_mapping [cluster_event] (dynamic)
[2015-03-19 01:49:28,875][INFO ][cluster.metadata         ] [Jarella] [.marvel-2015.03.19] update_mapping [node_event] (dynamic)
[2015-03-19 02:25:47,888][INFO ][cluster.metadata         ] [Jarella] [wat] deleting index
[2015-03-19 02:26:34,597][INFO ][cluster.metadata         ] [Jarella] [wat] creating index, cause [api], shards [5]/[1], mappings [users, threads, posts]
[2015-03-19 02:26:46,064][INFO ][cluster.metadata         ] [Jarella] [wat] update_mapping [threads] (dynamic)
[2015-03-19 03:57:46,899][INFO ][cluster.metadata         ] [Jarella] [wat] update_mapping [posts] (dynamic)
[2015-03-19 04:00:06,313][INFO ][cluster.metadata         ] [Jarella] [wat] update_mapping [users] (dynamic)
[2015-03-19 04:23:55,192][INFO ][cluster.metadata         ] [Jarella] [wat] deleting index
[2015-03-19 04:24:10,947][INFO ][cluster.metadata         ] [Jarella] [wat] creating index, cause [api], shards [5]/[1], mappings [users, threads, posts]
[2015-03-19 04:24:54,902][INFO ][cluster.metadata         ] [Jarella] [wat] update_mapping [threads] (dynamic)
[2015-03-19 04:24:54,909][INFO ][cluster.metadata         ] [Jarella] [wat] update_mapping [posts] (dynamic)
[2015-03-19 04:24:54,922][INFO ][cluster.metadata         ] [Jarella] [wat] update_mapping [users] (dynamic)
[2015-03-19 04:37:10,448][INFO ][cluster.metadata         ] [Jarella] [wat] update_mapping [threads] (dynamic)
[2015-03-19 04:37:10,474][INFO ][cluster.metadata         ] [Jarella] [wat] update_mapping [posts] (dynamic)
[2015-03-19 04:37:10,533][INFO ][cluster.metadata         ] [Jarella] [wat] update_mapping [users] (dynamic)
